0 info it worked if it ends with ok
1 verbose cli [ '/store/code/app-catalog/.tox/eslint/bin/node',
1 verbose cli   '/store/code/app-catalog/.tox/eslint/bin/npm',
1 verbose cli   'run',
1 verbose cli   'lint' ]
2 info using npm@3.10.3
3 info using node@v6.6.0
4 verbose run-script [ 'prelint', 'lint', 'postlint' ]
5 info lifecycle app-catalog@0.0.0~prelint: app-catalog@0.0.0
6 silly lifecycle app-catalog@0.0.0~prelint: no script for prelint, continuing
7 info lifecycle app-catalog@0.0.0~lint: app-catalog@0.0.0
8 verbose lifecycle app-catalog@0.0.0~lint: unsafe-perm in lifecycle true
9 verbose lifecycle app-catalog@0.0.0~lint: PATH: /store/code/app-catalog/.tox/eslint/lib/node_modules/npm/bin/node-gyp-bin:/store/code/app-catalog/node_modules/.bin:/store/code/app-catalog/.tox/eslint/bin:/store/code/app-catalog/.tox/eslint/bin:/usr/local/sbin:/usr/local/bin:/usr/sbin:/usr/bin:/sbin:/bin:/usr/games:/usr/local/games:/snap/bin
10 verbose lifecycle app-catalog@0.0.0~lint: CWD: /store/code/app-catalog
11 silly lifecycle app-catalog@0.0.0~lint: Args: [ '-c', 'eslint --no-color openstack_catalog/web/static/js/' ]
12 silly lifecycle app-catalog@0.0.0~lint: Returned: code: 1  signal: null
13 info lifecycle app-catalog@0.0.0~lint: Failed to exec lint script
14 verbose stack Error: app-catalog@0.0.0 lint: `eslint --no-color openstack_catalog/web/static/js/`
14 verbose stack Exit status 1
14 verbose stack     at EventEmitter.<anonymous> (/store/code/app-catalog/.tox/eslint/lib/node_modules/npm/lib/utils/lifecycle.js:242:16)
14 verbose stack     at emitTwo (events.js:106:13)
14 verbose stack     at EventEmitter.emit (events.js:191:7)
14 verbose stack     at ChildProcess.<anonymous> (/store/code/app-catalog/.tox/eslint/lib/node_modules/npm/lib/utils/spawn.js:40:14)
14 verbose stack     at emitTwo (events.js:106:13)
14 verbose stack     at ChildProcess.emit (events.js:191:7)
14 verbose stack     at maybeClose (internal/child_process.js:877:16)
14 verbose stack     at Process.ChildProcess._handle.onexit (internal/child_process.js:226:5)
15 verbose pkgid app-catalog@0.0.0
16 verbose cwd /store/code/app-catalog
17 error Linux 4.4.0-36-generic
18 error argv "/store/code/app-catalog/.tox/eslint/bin/node" "/store/code/app-catalog/.tox/eslint/bin/npm" "run" "lint"
19 error node v6.6.0
20 error npm  v3.10.3
21 error code ELIFECYCLE
22 error app-catalog@0.0.0 lint: `eslint --no-color openstack_catalog/web/static/js/`
22 error Exit status 1
23 error Failed at the app-catalog@0.0.0 lint script 'eslint --no-color openstack_catalog/web/static/js/'.
23 error Make sure you have the latest version of node.js and npm installed.
23 error If you do, this is most likely a problem with the app-catalog package,
23 error not with npm itself.
23 error Tell the author that this fails on your system:
23 error     eslint --no-color openstack_catalog/web/static/js/
23 error You can get information on how to open an issue for this project with:
23 error     npm bugs app-catalog
23 error Or if that isn't available, you can get their info via:
23 error     npm owner ls app-catalog
23 error There is likely additional logging output above.
24 verbose exit [ 1, true ]
